<?xml version="1.0" encoding="UTF-8"?>
<testsuite xmlns:xsi="http://www.w3.org/2001/XMLSchema-instance" xsi:noNamespaceSchemaLocation="https://maven.apache.org/surefire/maven-surefire-plugin/xsd/surefire-test-report.xsd" name="com.comp301.a09nonograms.AppTest" time="0.04" tests="4" errors="0" skipped="0" failures="0">
  <properties>
[...]
</properties>
  <testcase name="shouldAnswerWithTrue" classname="com.comp301.a09nonograms.AppTest" time="0.001"/>
  <testcase name="testBoard" classname="com.comp301.a09nonograms.AppTest" time="0.005"/>
  <testcase name="testController" classname="com.comp301.a09nonograms.AppTest" time="0.002"/>
  <testcase name="test1" classname="com.comp301.a09nonograms.AppTest" time="0"/>
</testsuite>